<doc xmlns="urn:def">
    <elem attr="value" xmlns:äöü="uri"/>
    <text>text</text>
    <!-- comment -->
    <?pi content?>
</doc>
